<?xml version="1.0" encoding="UTF-8"?>
<!-- Generated by org.testng.reporters.JUnitReportReporter -->
<testsuite skipped="0" hostname="arhor-X201EP" name="test.by.epam.service.SchemaReaderTest" tests="1" failures="0" timestamp="29 авг 2018 08:37:09 GMT" time="0.882" errors="0">
  <testcase name="getSchemaTest" time="0.882" classname="test.by.epam.service.SchemaReaderTest"/>
</testsuite> <!-- test.by.epam.service.SchemaReaderTest -->
