<?xml version="1.0" encoding="UTF-8"?>
<!-- Generated by org.testng.reporters.JUnitReportReporter -->
<testsuite skipped="0" hostname="arhor-X201EP" name="test.by.epam.service.XMLValidatorTest" tests="2" failures="0" timestamp="29 авг 2018 08:52:57 GMT" time="0.942" errors="0">
  <testcase name="validatePositiveTest" time="0.030" classname="test.by.epam.service.XMLValidatorTest"/>
  <testcase name="validateNegativeTest" time="0.912" classname="test.by.epam.service.XMLValidatorTest"/>
</testsuite> <!-- test.by.epam.service.XMLValidatorTest -->
