<?xml version="1.0" encoding="UTF-8"?>
<!-- Generated by org.testng.reporters.JUnitReportReporter -->
<testsuite skipped="0" hostname="Архор-ПК" name="test.by.epam.service.XMLValidatorTest" tests="2" failures="0" timestamp="29 авг 2018 10:07:33 GMT" time="0.253" errors="0">
  <testcase name="validatePositiveTest" time="0.009" classname="test.by.epam.service.XMLValidatorTest"/>
  <testcase name="validateNegativeTest" time="0.244" classname="test.by.epam.service.XMLValidatorTest"/>
</testsuite> <!-- test.by.epam.service.XMLValidatorTest -->
